Determining size of __int64 failed with the following output:
Change Dir: /root/git/ckpool-lhr/build/CMakeFiles/CMakeTmp

Run Build Command(s):/usr/bin/gmake -f Makefile cmTC_34429/fast && /usr/bin/gmake  -f CMakeFiles/cmTC_34429.dir/build.make CMakeFiles/cmTC_34429.dir/build
gmake[1]: Entering directory '/root/git/ckpool-lhr/build/CMakeFiles/CMakeTmp'
Building C object CMakeFiles/cmTC_34429.dir/__INT64.c.o
/usr/bin/cc   -Wno-format-truncation  -o CMakeFiles/cmTC_34429.dir/__INT64.c.o -c /root/git/ckpool-lhr/build/CMakeFiles/CheckTypeSize/__INT64.c
/root/git/ckpool-lhr/build/CMakeFiles/CheckTypeSize/__INT64.c:27:22: error: ‘__int64’ undeclared here (not in a function); did you mean ‘__int64_t’?
   27 | #define SIZE (sizeof(__int64))
      |                      ^~~~~~~
/root/git/ckpool-lhr/build/CMakeFiles/CheckTypeSize/__INT64.c:29:12: note: in expansion of macro ‘SIZE’
   29 |   ('0' + ((SIZE / 10000)%10)),
      |            ^~~~
gmake[1]: *** [CMakeFiles/cmTC_34429.dir/build.make:78: CMakeFiles/cmTC_34429.dir/__INT64.c.o] Error 1
gmake[1]: Leaving directory '/root/git/ckpool-lhr/build/CMakeFiles/CMakeTmp'
gmake: *** [Makefile:127: cmTC_34429/fast] Error 2


/root/git/ckpool-lhr/build/CMakeFiles/CheckTypeSize/__INT64.c:
#include <sys/types.h>
#include <stdint.h>
#include <stddef.h>


#undef KEY
#if defined(__i386)
# define KEY '_','_','i','3','8','6'
#elif defined(__x86_64)
# define KEY '_','_','x','8','6','_','6','4'
#elif defined(__PPC64__)
# define KEY '_','_','P','P','C','6','4','_','_'
#elif defined(__ppc64__)
# define KEY '_','_','p','p','c','6','4','_','_'
#elif defined(__PPC__)
# define KEY '_','_','P','P','C','_','_'
#elif defined(__ppc__)
# define KEY '_','_','p','p','c','_','_'
#elif defined(__aarch64__)
# define KEY '_','_','a','a','r','c','h','6','4','_','_'
#elif defined(__ARM_ARCH_7A__)
# define KEY '_','_','A','R','M','_','A','R','C','H','_','7','A','_','_'
#elif defined(__ARM_ARCH_7S__)
# define KEY '_','_','A','R','M','_','A','R','C','H','_','7','S','_','_'
#endif

#define SIZE (sizeof(__int64))
static char info_size[] =  {'I', 'N', 'F', 'O', ':', 's','i','z','e','[',
  ('0' + ((SIZE / 10000)%10)),
  ('0' + ((SIZE / 1000)%10)),
  ('0' + ((SIZE / 100)%10)),
  ('0' + ((SIZE / 10)%10)),
  ('0' +  (SIZE    % 10)),
  ']',
#ifdef KEY
  ' ','k','e','y','[', KEY, ']',
#endif
  '\0'};

#ifdef __CLASSIC_C__
int main(argc, argv) int argc; char *argv[];
#else
int main(int argc, char *argv[])
#endif
{
  int require = 0;
  require += info_size[argc];
  (void)argv;
  return require;
}


Determining size of __int32 failed with the following output:
Change Dir: /root/git/ckpool-lhr/build/CMakeFiles/CMakeTmp

Run Build Command(s):/usr/bin/gmake -f Makefile cmTC_dad27/fast && /usr/bin/gmake  -f CMakeFiles/cmTC_dad27.dir/build.make CMakeFiles/cmTC_dad27.dir/build
gmake[1]: Entering directory '/root/git/ckpool-lhr/build/CMakeFiles/CMakeTmp'
Building C object CMakeFiles/cmTC_dad27.dir/__INT32.c.o
/usr/bin/cc   -Wno-format-truncation  -o CMakeFiles/cmTC_dad27.dir/__INT32.c.o -c /root/git/ckpool-lhr/build/CMakeFiles/CheckTypeSize/__INT32.c
/root/git/ckpool-lhr/build/CMakeFiles/CheckTypeSize/__INT32.c:27:22: error: ‘__int32’ undeclared here (not in a function); did you mean ‘__int32_t’?
   27 | #define SIZE (sizeof(__int32))
      |                      ^~~~~~~
/root/git/ckpool-lhr/build/CMakeFiles/CheckTypeSize/__INT32.c:29:12: note: in expansion of macro ‘SIZE’
   29 |   ('0' + ((SIZE / 10000)%10)),
      |            ^~~~
gmake[1]: *** [CMakeFiles/cmTC_dad27.dir/build.make:78: CMakeFiles/cmTC_dad27.dir/__INT32.c.o] Error 1
gmake[1]: Leaving directory '/root/git/ckpool-lhr/build/CMakeFiles/CMakeTmp'
gmake: *** [Makefile:127: cmTC_dad27/fast] Error 2


/root/git/ckpool-lhr/build/CMakeFiles/CheckTypeSize/__INT32.c:
#include <sys/types.h>
#include <stdint.h>
#include <stddef.h>


#undef KEY
#if defined(__i386)
# define KEY '_','_','i','3','8','6'
#elif defined(__x86_64)
# define KEY '_','_','x','8','6','_','6','4'
#elif defined(__PPC64__)
# define KEY '_','_','P','P','C','6','4','_','_'
#elif defined(__ppc64__)
# define KEY '_','_','p','p','c','6','4','_','_'
#elif defined(__PPC__)
# define KEY '_','_','P','P','C','_','_'
#elif defined(__ppc__)
# define KEY '_','_','p','p','c','_','_'
#elif defined(__aarch64__)
# define KEY '_','_','a','a','r','c','h','6','4','_','_'
#elif defined(__ARM_ARCH_7A__)
# define KEY '_','_','A','R','M','_','A','R','C','H','_','7','A','_','_'
#elif defined(__ARM_ARCH_7S__)
# define KEY '_','_','A','R','M','_','A','R','C','H','_','7','S','_','_'
#endif

#define SIZE (sizeof(__int32))
static char info_size[] =  {'I', 'N', 'F', 'O', ':', 's','i','z','e','[',
  ('0' + ((SIZE / 10000)%10)),
  ('0' + ((SIZE / 1000)%10)),
  ('0' + ((SIZE / 100)%10)),
  ('0' + ((SIZE / 10)%10)),
  ('0' +  (SIZE    % 10)),
  ']',
#ifdef KEY
  ' ','k','e','y','[', KEY, ']',
#endif
  '\0'};

#ifdef __CLASSIC_C__
int main(argc, argv) int argc; char *argv[];
#else
int main(int argc, char *argv[])
#endif
{
  int require = 0;
  require += info_size[argc];
  (void)argv;
  return require;
}


Determining size of __uint32 failed with the following output:
Change Dir: /root/git/ckpool-lhr/build/CMakeFiles/CMakeTmp

Run Build Command(s):/usr/bin/gmake -f Makefile cmTC_80624/fast && /usr/bin/gmake  -f CMakeFiles/cmTC_80624.dir/build.make CMakeFiles/cmTC_80624.dir/build
gmake[1]: Entering directory '/root/git/ckpool-lhr/build/CMakeFiles/CMakeTmp'
Building C object CMakeFiles/cmTC_80624.dir/__UINT32.c.o
/usr/bin/cc   -Wno-format-truncation  -o CMakeFiles/cmTC_80624.dir/__UINT32.c.o -c /root/git/ckpool-lhr/build/CMakeFiles/CheckTypeSize/__UINT32.c
/root/git/ckpool-lhr/build/CMakeFiles/CheckTypeSize/__UINT32.c:27:22: error: ‘__uint32’ undeclared here (not in a function); did you mean ‘__uint32_t’?
   27 | #define SIZE (sizeof(__uint32))
      |                      ^~~~~~~~
/root/git/ckpool-lhr/build/CMakeFiles/CheckTypeSize/__UINT32.c:29:12: note: in expansion of macro ‘SIZE’
   29 |   ('0' + ((SIZE / 10000)%10)),
      |            ^~~~
gmake[1]: *** [CMakeFiles/cmTC_80624.dir/build.make:78: CMakeFiles/cmTC_80624.dir/__UINT32.c.o] Error 1
gmake[1]: Leaving directory '/root/git/ckpool-lhr/build/CMakeFiles/CMakeTmp'
gmake: *** [Makefile:127: cmTC_80624/fast] Error 2


/root/git/ckpool-lhr/build/CMakeFiles/CheckTypeSize/__UINT32.c:
#include <sys/types.h>
#include <stdint.h>
#include <stddef.h>


#undef KEY
#if defined(__i386)
# define KEY '_','_','i','3','8','6'
#elif defined(__x86_64)
# define KEY '_','_','x','8','6','_','6','4'
#elif defined(__PPC64__)
# define KEY '_','_','P','P','C','6','4','_','_'
#elif defined(__ppc64__)
# define KEY '_','_','p','p','c','6','4','_','_'
#elif defined(__PPC__)
# define KEY '_','_','P','P','C','_','_'
#elif defined(__ppc__)
# define KEY '_','_','p','p','c','_','_'
#elif defined(__aarch64__)
# define KEY '_','_','a','a','r','c','h','6','4','_','_'
#elif defined(__ARM_ARCH_7A__)
# define KEY '_','_','A','R','M','_','A','R','C','H','_','7','A','_','_'
#elif defined(__ARM_ARCH_7S__)
# define KEY '_','_','A','R','M','_','A','R','C','H','_','7','S','_','_'
#endif

#define SIZE (sizeof(__uint32))
static char info_size[] =  {'I', 'N', 'F', 'O', ':', 's','i','z','e','[',
  ('0' + ((SIZE / 10000)%10)),
  ('0' + ((SIZE / 1000)%10)),
  ('0' + ((SIZE / 100)%10)),
  ('0' + ((SIZE / 10)%10)),
  ('0' +  (SIZE    % 10)),
  ']',
#ifdef KEY
  ' ','k','e','y','[', KEY, ']',
#endif
  '\0'};

#ifdef __CLASSIC_C__
int main(argc, argv) int argc; char *argv[];
#else
int main(int argc, char *argv[])
#endif
{
  int require = 0;
  require += info_size[argc];
  (void)argv;
  return require;
}


Determining size of __uint16 failed with the following output:
Change Dir: /root/git/ckpool-lhr/build/CMakeFiles/CMakeTmp

Run Build Command(s):/usr/bin/gmake -f Makefile cmTC_5c2d0/fast && /usr/bin/gmake  -f CMakeFiles/cmTC_5c2d0.dir/build.make CMakeFiles/cmTC_5c2d0.dir/build
gmake[1]: Entering directory '/root/git/ckpool-lhr/build/CMakeFiles/CMakeTmp'
Building C object CMakeFiles/cmTC_5c2d0.dir/__UINT16.c.o
/usr/bin/cc   -Wno-format-truncation  -o CMakeFiles/cmTC_5c2d0.dir/__UINT16.c.o -c /root/git/ckpool-lhr/build/CMakeFiles/CheckTypeSize/__UINT16.c
/root/git/ckpool-lhr/build/CMakeFiles/CheckTypeSize/__UINT16.c:27:22: error: ‘__uint16’ undeclared here (not in a function); did you mean ‘__uint16_t’?
   27 | #define SIZE (sizeof(__uint16))
      |                      ^~~~~~~~
/root/git/ckpool-lhr/build/CMakeFiles/CheckTypeSize/__UINT16.c:29:12: note: in expansion of macro ‘SIZE’
   29 |   ('0' + ((SIZE / 10000)%10)),
      |            ^~~~
gmake[1]: *** [CMakeFiles/cmTC_5c2d0.dir/build.make:78: CMakeFiles/cmTC_5c2d0.dir/__UINT16.c.o] Error 1
gmake[1]: Leaving directory '/root/git/ckpool-lhr/build/CMakeFiles/CMakeTmp'
gmake: *** [Makefile:127: cmTC_5c2d0/fast] Error 2


/root/git/ckpool-lhr/build/CMakeFiles/CheckTypeSize/__UINT16.c:
#include <sys/types.h>
#include <stdint.h>
#include <stddef.h>


#undef KEY
#if defined(__i386)
# define KEY '_','_','i','3','8','6'
#elif defined(__x86_64)
# define KEY '_','_','x','8','6','_','6','4'
#elif defined(__PPC64__)
# define KEY '_','_','P','P','C','6','4','_','_'
#elif defined(__ppc64__)
# define KEY '_','_','p','p','c','6','4','_','_'
#elif defined(__PPC__)
# define KEY '_','_','P','P','C','_','_'
#elif defined(__ppc__)
# define KEY '_','_','p','p','c','_','_'
#elif defined(__aarch64__)
# define KEY '_','_','a','a','r','c','h','6','4','_','_'
#elif defined(__ARM_ARCH_7A__)
# define KEY '_','_','A','R','M','_','A','R','C','H','_','7','A','_','_'
#elif defined(__ARM_ARCH_7S__)
# define KEY '_','_','A','R','M','_','A','R','C','H','_','7','S','_','_'
#endif

#define SIZE (sizeof(__uint16))
static char info_size[] =  {'I', 'N', 'F', 'O', ':', 's','i','z','e','[',
  ('0' + ((SIZE / 10000)%10)),
  ('0' + ((SIZE / 1000)%10)),
  ('0' + ((SIZE / 100)%10)),
  ('0' + ((SIZE / 10)%10)),
  ('0' +  (SIZE    % 10)),
  ']',
#ifdef KEY
  ' ','k','e','y','[', KEY, ']',
#endif
  '\0'};

#ifdef __CLASSIC_C__
int main(argc, argv) int argc; char *argv[];
#else
int main(int argc, char *argv[])
#endif
{
  int require = 0;
  require += info_size[argc];
  (void)argv;
  return require;
}


Determining size of __uint8 failed with the following output:
Change Dir: /root/git/ckpool-lhr/build/CMakeFiles/CMakeTmp

Run Build Command(s):/usr/bin/gmake -f Makefile cmTC_41c26/fast && /usr/bin/gmake  -f CMakeFiles/cmTC_41c26.dir/build.make CMakeFiles/cmTC_41c26.dir/build
gmake[1]: Entering directory '/root/git/ckpool-lhr/build/CMakeFiles/CMakeTmp'
Building C object CMakeFiles/cmTC_41c26.dir/__UINT8.c.o
/usr/bin/cc   -Wno-format-truncation  -o CMakeFiles/cmTC_41c26.dir/__UINT8.c.o -c /root/git/ckpool-lhr/build/CMakeFiles/CheckTypeSize/__UINT8.c
/root/git/ckpool-lhr/build/CMakeFiles/CheckTypeSize/__UINT8.c:27:22: error: ‘__uint8’ undeclared here (not in a function); did you mean ‘__uint8_t’?
   27 | #define SIZE (sizeof(__uint8))
      |                      ^~~~~~~
/root/git/ckpool-lhr/build/CMakeFiles/CheckTypeSize/__UINT8.c:29:12: note: in expansion of macro ‘SIZE’
   29 |   ('0' + ((SIZE / 10000)%10)),
      |            ^~~~
gmake[1]: *** [CMakeFiles/cmTC_41c26.dir/build.make:78: CMakeFiles/cmTC_41c26.dir/__UINT8.c.o] Error 1
gmake[1]: Leaving directory '/root/git/ckpool-lhr/build/CMakeFiles/CMakeTmp'
gmake: *** [Makefile:127: cmTC_41c26/fast] Error 2


/root/git/ckpool-lhr/build/CMakeFiles/CheckTypeSize/__UINT8.c:
#include <sys/types.h>
#include <stdint.h>
#include <stddef.h>


#undef KEY
#if defined(__i386)
# define KEY '_','_','i','3','8','6'
#elif defined(__x86_64)
# define KEY '_','_','x','8','6','_','6','4'
#elif defined(__PPC64__)
# define KEY '_','_','P','P','C','6','4','_','_'
#elif defined(__ppc64__)
# define KEY '_','_','p','p','c','6','4','_','_'
#elif defined(__PPC__)
# define KEY '_','_','P','P','C','_','_'
#elif defined(__ppc__)
# define KEY '_','_','p','p','c','_','_'
#elif defined(__aarch64__)
# define KEY '_','_','a','a','r','c','h','6','4','_','_'
#elif defined(__ARM_ARCH_7A__)
# define KEY '_','_','A','R','M','_','A','R','C','H','_','7','A','_','_'
#elif defined(__ARM_ARCH_7S__)
# define KEY '_','_','A','R','M','_','A','R','C','H','_','7','S','_','_'
#endif

#define SIZE (sizeof(__uint8))
static char info_size[] =  {'I', 'N', 'F', 'O', ':', 's','i','z','e','[',
  ('0' + ((SIZE / 10000)%10)),
  ('0' + ((SIZE / 1000)%10)),
  ('0' + ((SIZE / 100)%10)),
  ('0' + ((SIZE / 10)%10)),
  ('0' +  (SIZE    % 10)),
  ']',
#ifdef KEY
  ' ','k','e','y','[', KEY, ']',
#endif
  '\0'};

#ifdef __CLASSIC_C__
int main(argc, argv) int argc; char *argv[];
#else
int main(int argc, char *argv[])
#endif
{
  int require = 0;
  require += info_size[argc];
  (void)argv;
  return require;
}


Determining size of SSIZE_T failed with the following output:
Change Dir: /root/git/ckpool-lhr/build/CMakeFiles/CMakeTmp

Run Build Command(s):/usr/bin/gmake -f Makefile cmTC_d570a/fast && /usr/bin/gmake  -f CMakeFiles/cmTC_d570a.dir/build.make CMakeFiles/cmTC_d570a.dir/build
gmake[1]: Entering directory '/root/git/ckpool-lhr/build/CMakeFiles/CMakeTmp'
Building C object CMakeFiles/cmTC_d570a.dir/UPPERCASE_SSIZE_T.c.o
/usr/bin/cc   -Wno-format-truncation  -o CMakeFiles/cmTC_d570a.dir/UPPERCASE_SSIZE_T.c.o -c /root/git/ckpool-lhr/build/CMakeFiles/CheckTypeSize/UPPERCASE_SSIZE_T.c
/root/git/ckpool-lhr/build/CMakeFiles/CheckTypeSize/UPPERCASE_SSIZE_T.c:27:22: error: ‘SSIZE_T’ undeclared here (not in a function)
   27 | #define SIZE (sizeof(SSIZE_T))
      |                      ^~~~~~~
/root/git/ckpool-lhr/build/CMakeFiles/CheckTypeSize/UPPERCASE_SSIZE_T.c:29:12: note: in expansion of macro ‘SIZE’
   29 |   ('0' + ((SIZE / 10000)%10)),
      |            ^~~~
gmake[1]: *** [CMakeFiles/cmTC_d570a.dir/build.make:78: CMakeFiles/cmTC_d570a.dir/UPPERCASE_SSIZE_T.c.o] Error 1
gmake[1]: Leaving directory '/root/git/ckpool-lhr/build/CMakeFiles/CMakeTmp'
gmake: *** [Makefile:127: cmTC_d570a/fast] Error 2


/root/git/ckpool-lhr/build/CMakeFiles/CheckTypeSize/UPPERCASE_SSIZE_T.c:
#include <sys/types.h>
#include <stdint.h>
#include <stddef.h>


#undef KEY
#if defined(__i386)
# define KEY '_','_','i','3','8','6'
#elif defined(__x86_64)
# define KEY '_','_','x','8','6','_','6','4'
#elif defined(__PPC64__)
# define KEY '_','_','P','P','C','6','4','_','_'
#elif defined(__ppc64__)
# define KEY '_','_','p','p','c','6','4','_','_'
#elif defined(__PPC__)
# define KEY '_','_','P','P','C','_','_'
#elif defined(__ppc__)
# define KEY '_','_','p','p','c','_','_'
#elif defined(__aarch64__)
# define KEY '_','_','a','a','r','c','h','6','4','_','_'
#elif defined(__ARM_ARCH_7A__)
# define KEY '_','_','A','R','M','_','A','R','C','H','_','7','A','_','_'
#elif defined(__ARM_ARCH_7S__)
# define KEY '_','_','A','R','M','_','A','R','C','H','_','7','S','_','_'
#endif

#define SIZE (sizeof(SSIZE_T))
static char info_size[] =  {'I', 'N', 'F', 'O', ':', 's','i','z','e','[',
  ('0' + ((SIZE / 10000)%10)),
  ('0' + ((SIZE / 1000)%10)),
  ('0' + ((SIZE / 100)%10)),
  ('0' + ((SIZE / 10)%10)),
  ('0' +  (SIZE    % 10)),
  ']',
#ifdef KEY
  ' ','k','e','y','[', KEY, ']',
#endif
  '\0'};

#ifdef __CLASSIC_C__
int main(argc, argv) int argc; char *argv[];
#else
int main(int argc, char *argv[])
#endif
{
  int require = 0;
  require += info_size[argc];
  (void)argv;
  return require;
}


Determining if the function _strtoi64 exists failed with the following output:
Change Dir: /root/git/ckpool-lhr/build/CMakeFiles/CMakeTmp

Run Build Command(s):/usr/bin/gmake -f Makefile cmTC_893ed/fast && /usr/bin/gmake  -f CMakeFiles/cmTC_893ed.dir/build.make CMakeFiles/cmTC_893ed.dir/build
gmake[1]: Entering directory '/root/git/ckpool-lhr/build/CMakeFiles/CMakeTmp'
Building C object CMakeFiles/cmTC_893ed.dir/CheckFunctionExists.c.o
/usr/bin/cc   -Wno-format-truncation -DCHECK_FUNCTION_EXISTS=_strtoi64 -o CMakeFiles/cmTC_893ed.dir/CheckFunctionExists.c.o -c /usr/share/cmake-3.22/Modules/CheckFunctionExists.c
Linking C executable cmTC_893ed
/usr/bin/cmake -E cmake_link_script CMakeFiles/cmTC_893ed.dir/link.txt --verbose=1
/usr/bin/cc  -Wno-format-truncation -DCHECK_FUNCTION_EXISTS=_strtoi64 -rdynamic CMakeFiles/cmTC_893ed.dir/CheckFunctionExists.c.o -o cmTC_893ed 
/usr/bin/ld: CMakeFiles/cmTC_893ed.dir/CheckFunctionExists.c.o: in function `main':
CheckFunctionExists.c:(.text+0x14): undefined reference to `_strtoi64'
collect2: error: ld returned 1 exit status
gmake[1]: *** [CMakeFiles/cmTC_893ed.dir/build.make:99: cmTC_893ed] Error 1
gmake[1]: Leaving directory '/root/git/ckpool-lhr/build/CMakeFiles/CMakeTmp'
gmake: *** [Makefile:127: cmTC_893ed/fast] Error 2



Determining size of __int64 failed with the following output:
Change Dir: /root/git/ckpool-lhr/build/CMakeFiles/CMakeTmp

Run Build Command(s):/usr/bin/gmake -f Makefile cmTC_08674/fast && /usr/bin/gmake  -f CMakeFiles/cmTC_08674.dir/build.make CMakeFiles/cmTC_08674.dir/build
gmake[1]: Entering directory '/root/git/ckpool-lhr/build/CMakeFiles/CMakeTmp'
Building C object CMakeFiles/cmTC_08674.dir/__INT64.c.o
/usr/bin/cc   -Wno-format-truncation  -o CMakeFiles/cmTC_08674.dir/__INT64.c.o -c /root/git/ckpool-lhr/build/CMakeFiles/CheckTypeSize/__INT64.c
/root/git/ckpool-lhr/build/CMakeFiles/CheckTypeSize/__INT64.c:27:22: error: ‘__int64’ undeclared here (not in a function); did you mean ‘__int64_t’?
   27 | #define SIZE (sizeof(__int64))
      |                      ^~~~~~~
/root/git/ckpool-lhr/build/CMakeFiles/CheckTypeSize/__INT64.c:29:12: note: in expansion of macro ‘SIZE’
   29 |   ('0' + ((SIZE / 10000)%10)),
      |            ^~~~
gmake[1]: *** [CMakeFiles/cmTC_08674.dir/build.make:78: CMakeFiles/cmTC_08674.dir/__INT64.c.o] Error 1
gmake[1]: Leaving directory '/root/git/ckpool-lhr/build/CMakeFiles/CMakeTmp'
gmake: *** [Makefile:127: cmTC_08674/fast] Error 2


/root/git/ckpool-lhr/build/CMakeFiles/CheckTypeSize/__INT64.c:
#include <sys/types.h>
#include <stdint.h>
#include <stddef.h>


#undef KEY
#if defined(__i386)
# define KEY '_','_','i','3','8','6'
#elif defined(__x86_64)
# define KEY '_','_','x','8','6','_','6','4'
#elif defined(__PPC64__)
# define KEY '_','_','P','P','C','6','4','_','_'
#elif defined(__ppc64__)
# define KEY '_','_','p','p','c','6','4','_','_'
#elif defined(__PPC__)
# define KEY '_','_','P','P','C','_','_'
#elif defined(__ppc__)
# define KEY '_','_','p','p','c','_','_'
#elif defined(__aarch64__)
# define KEY '_','_','a','a','r','c','h','6','4','_','_'
#elif defined(__ARM_ARCH_7A__)
# define KEY '_','_','A','R','M','_','A','R','C','H','_','7','A','_','_'
#elif defined(__ARM_ARCH_7S__)
# define KEY '_','_','A','R','M','_','A','R','C','H','_','7','S','_','_'
#endif

#define SIZE (sizeof(__int64))
static char info_size[] =  {'I', 'N', 'F', 'O', ':', 's','i','z','e','[',
  ('0' + ((SIZE / 10000)%10)),
  ('0' + ((SIZE / 1000)%10)),
  ('0' + ((SIZE / 100)%10)),
  ('0' + ((SIZE / 10)%10)),
  ('0' +  (SIZE    % 10)),
  ']',
#ifdef KEY
  ' ','k','e','y','[', KEY, ']',
#endif
  '\0'};

#ifdef __CLASSIC_C__
int main(argc, argv) int argc; char *argv[];
#else
int main(int argc, char *argv[])
#endif
{
  int require = 0;
  require += info_size[argc];
  (void)argv;
  return require;
}


Determining size of __int32 failed with the following output:
Change Dir: /root/git/ckpool-lhr/build/CMakeFiles/CMakeTmp

Run Build Command(s):/usr/bin/gmake -f Makefile cmTC_0ff69/fast && /usr/bin/gmake  -f CMakeFiles/cmTC_0ff69.dir/build.make CMakeFiles/cmTC_0ff69.dir/build
gmake[1]: Entering directory '/root/git/ckpool-lhr/build/CMakeFiles/CMakeTmp'
Building C object CMakeFiles/cmTC_0ff69.dir/__INT32.c.o
/usr/bin/cc   -Wno-format-truncation  -o CMakeFiles/cmTC_0ff69.dir/__INT32.c.o -c /root/git/ckpool-lhr/build/CMakeFiles/CheckTypeSize/__INT32.c
/root/git/ckpool-lhr/build/CMakeFiles/CheckTypeSize/__INT32.c:27:22: error: ‘__int32’ undeclared here (not in a function); did you mean ‘__int32_t’?
   27 | #define SIZE (sizeof(__int32))
      |                      ^~~~~~~
/root/git/ckpool-lhr/build/CMakeFiles/CheckTypeSize/__INT32.c:29:12: note: in expansion of macro ‘SIZE’
   29 |   ('0' + ((SIZE / 10000)%10)),
      |            ^~~~
gmake[1]: *** [CMakeFiles/cmTC_0ff69.dir/build.make:78: CMakeFiles/cmTC_0ff69.dir/__INT32.c.o] Error 1
gmake[1]: Leaving directory '/root/git/ckpool-lhr/build/CMakeFiles/CMakeTmp'
gmake: *** [Makefile:127: cmTC_0ff69/fast] Error 2


/root/git/ckpool-lhr/build/CMakeFiles/CheckTypeSize/__INT32.c:
#include <sys/types.h>
#include <stdint.h>
#include <stddef.h>


#undef KEY
#if defined(__i386)
# define KEY '_','_','i','3','8','6'
#elif defined(__x86_64)
# define KEY '_','_','x','8','6','_','6','4'
#elif defined(__PPC64__)
# define KEY '_','_','P','P','C','6','4','_','_'
#elif defined(__ppc64__)
# define KEY '_','_','p','p','c','6','4','_','_'
#elif defined(__PPC__)
# define KEY '_','_','P','P','C','_','_'
#elif defined(__ppc__)
# define KEY '_','_','p','p','c','_','_'
#elif defined(__aarch64__)
# define KEY '_','_','a','a','r','c','h','6','4','_','_'
#elif defined(__ARM_ARCH_7A__)
# define KEY '_','_','A','R','M','_','A','R','C','H','_','7','A','_','_'
#elif defined(__ARM_ARCH_7S__)
# define KEY '_','_','A','R','M','_','A','R','C','H','_','7','S','_','_'
#endif

#define SIZE (sizeof(__int32))
static char info_size[] =  {'I', 'N', 'F', 'O', ':', 's','i','z','e','[',
  ('0' + ((SIZE / 10000)%10)),
  ('0' + ((SIZE / 1000)%10)),
  ('0' + ((SIZE / 100)%10)),
  ('0' + ((SIZE / 10)%10)),
  ('0' +  (SIZE    % 10)),
  ']',
#ifdef KEY
  ' ','k','e','y','[', KEY, ']',
#endif
  '\0'};

#ifdef __CLASSIC_C__
int main(argc, argv) int argc; char *argv[];
#else
int main(int argc, char *argv[])
#endif
{
  int require = 0;
  require += info_size[argc];
  (void)argv;
  return require;
}


Determining size of __uint32 failed with the following output:
Change Dir: /root/git/ckpool-lhr/build/CMakeFiles/CMakeTmp

Run Build Command(s):/usr/bin/gmake -f Makefile cmTC_7bf63/fast && /usr/bin/gmake  -f CMakeFiles/cmTC_7bf63.dir/build.make CMakeFiles/cmTC_7bf63.dir/build
gmake[1]: Entering directory '/root/git/ckpool-lhr/build/CMakeFiles/CMakeTmp'
Building C object CMakeFiles/cmTC_7bf63.dir/__UINT32.c.o
/usr/bin/cc   -Wno-format-truncation  -o CMakeFiles/cmTC_7bf63.dir/__UINT32.c.o -c /root/git/ckpool-lhr/build/CMakeFiles/CheckTypeSize/__UINT32.c
/root/git/ckpool-lhr/build/CMakeFiles/CheckTypeSize/__UINT32.c:27:22: error: ‘__uint32’ undeclared here (not in a function); did you mean ‘__uint32_t’?
   27 | #define SIZE (sizeof(__uint32))
      |                      ^~~~~~~~
/root/git/ckpool-lhr/build/CMakeFiles/CheckTypeSize/__UINT32.c:29:12: note: in expansion of macro ‘SIZE’
   29 |   ('0' + ((SIZE / 10000)%10)),
      |            ^~~~
gmake[1]: *** [CMakeFiles/cmTC_7bf63.dir/build.make:78: CMakeFiles/cmTC_7bf63.dir/__UINT32.c.o] Error 1
gmake[1]: Leaving directory '/root/git/ckpool-lhr/build/CMakeFiles/CMakeTmp'
gmake: *** [Makefile:127: cmTC_7bf63/fast] Error 2


/root/git/ckpool-lhr/build/CMakeFiles/CheckTypeSize/__UINT32.c:
#include <sys/types.h>
#include <stdint.h>
#include <stddef.h>


#undef KEY
#if defined(__i386)
# define KEY '_','_','i','3','8','6'
#elif defined(__x86_64)
# define KEY '_','_','x','8','6','_','6','4'
#elif defined(__PPC64__)
# define KEY '_','_','P','P','C','6','4','_','_'
#elif defined(__ppc64__)
# define KEY '_','_','p','p','c','6','4','_','_'
#elif defined(__PPC__)
# define KEY '_','_','P','P','C','_','_'
#elif defined(__ppc__)
# define KEY '_','_','p','p','c','_','_'
#elif defined(__aarch64__)
# define KEY '_','_','a','a','r','c','h','6','4','_','_'
#elif defined(__ARM_ARCH_7A__)
# define KEY '_','_','A','R','M','_','A','R','C','H','_','7','A','_','_'
#elif defined(__ARM_ARCH_7S__)
# define KEY '_','_','A','R','M','_','A','R','C','H','_','7','S','_','_'
#endif

#define SIZE (sizeof(__uint32))
static char info_size[] =  {'I', 'N', 'F', 'O', ':', 's','i','z','e','[',
  ('0' + ((SIZE / 10000)%10)),
  ('0' + ((SIZE / 1000)%10)),
  ('0' + ((SIZE / 100)%10)),
  ('0' + ((SIZE / 10)%10)),
  ('0' +  (SIZE    % 10)),
  ']',
#ifdef KEY
  ' ','k','e','y','[', KEY, ']',
#endif
  '\0'};

#ifdef __CLASSIC_C__
int main(argc, argv) int argc; char *argv[];
#else
int main(int argc, char *argv[])
#endif
{
  int require = 0;
  require += info_size[argc];
  (void)argv;
  return require;
}


Determining size of __uint16 failed with the following output:
Change Dir: /root/git/ckpool-lhr/build/CMakeFiles/CMakeTmp

Run Build Command(s):/usr/bin/gmake -f Makefile cmTC_167ca/fast && /usr/bin/gmake  -f CMakeFiles/cmTC_167ca.dir/build.make CMakeFiles/cmTC_167ca.dir/build
gmake[1]: Entering directory '/root/git/ckpool-lhr/build/CMakeFiles/CMakeTmp'
Building C object CMakeFiles/cmTC_167ca.dir/__UINT16.c.o
/usr/bin/cc   -Wno-format-truncation  -o CMakeFiles/cmTC_167ca.dir/__UINT16.c.o -c /root/git/ckpool-lhr/build/CMakeFiles/CheckTypeSize/__UINT16.c
/root/git/ckpool-lhr/build/CMakeFiles/CheckTypeSize/__UINT16.c:27:22: error: ‘__uint16’ undeclared here (not in a function); did you mean ‘__uint16_t’?
   27 | #define SIZE (sizeof(__uint16))
      |                      ^~~~~~~~
/root/git/ckpool-lhr/build/CMakeFiles/CheckTypeSize/__UINT16.c:29:12: note: in expansion of macro ‘SIZE’
   29 |   ('0' + ((SIZE / 10000)%10)),
      |            ^~~~
gmake[1]: *** [CMakeFiles/cmTC_167ca.dir/build.make:78: CMakeFiles/cmTC_167ca.dir/__UINT16.c.o] Error 1
gmake[1]: Leaving directory '/root/git/ckpool-lhr/build/CMakeFiles/CMakeTmp'
gmake: *** [Makefile:127: cmTC_167ca/fast] Error 2


/root/git/ckpool-lhr/build/CMakeFiles/CheckTypeSize/__UINT16.c:
#include <sys/types.h>
#include <stdint.h>
#include <stddef.h>


#undef KEY
#if defined(__i386)
# define KEY '_','_','i','3','8','6'
#elif defined(__x86_64)
# define KEY '_','_','x','8','6','_','6','4'
#elif defined(__PPC64__)
# define KEY '_','_','P','P','C','6','4','_','_'
#elif defined(__ppc64__)
# define KEY '_','_','p','p','c','6','4','_','_'
#elif defined(__PPC__)
# define KEY '_','_','P','P','C','_','_'
#elif defined(__ppc__)
# define KEY '_','_','p','p','c','_','_'
#elif defined(__aarch64__)
# define KEY '_','_','a','a','r','c','h','6','4','_','_'
#elif defined(__ARM_ARCH_7A__)
# define KEY '_','_','A','R','M','_','A','R','C','H','_','7','A','_','_'
#elif defined(__ARM_ARCH_7S__)
# define KEY '_','_','A','R','M','_','A','R','C','H','_','7','S','_','_'
#endif

#define SIZE (sizeof(__uint16))
static char info_size[] =  {'I', 'N', 'F', 'O', ':', 's','i','z','e','[',
  ('0' + ((SIZE / 10000)%10)),
  ('0' + ((SIZE / 1000)%10)),
  ('0' + ((SIZE / 100)%10)),
  ('0' + ((SIZE / 10)%10)),
  ('0' +  (SIZE    % 10)),
  ']',
#ifdef KEY
  ' ','k','e','y','[', KEY, ']',
#endif
  '\0'};

#ifdef __CLASSIC_C__
int main(argc, argv) int argc; char *argv[];
#else
int main(int argc, char *argv[])
#endif
{
  int require = 0;
  require += info_size[argc];
  (void)argv;
  return require;
}


Determining size of __uint8 failed with the following output:
Change Dir: /root/git/ckpool-lhr/build/CMakeFiles/CMakeTmp

Run Build Command(s):/usr/bin/gmake -f Makefile cmTC_a085c/fast && /usr/bin/gmake  -f CMakeFiles/cmTC_a085c.dir/build.make CMakeFiles/cmTC_a085c.dir/build
gmake[1]: Entering directory '/root/git/ckpool-lhr/build/CMakeFiles/CMakeTmp'
Building C object CMakeFiles/cmTC_a085c.dir/__UINT8.c.o
/usr/bin/cc   -Wno-format-truncation  -o CMakeFiles/cmTC_a085c.dir/__UINT8.c.o -c /root/git/ckpool-lhr/build/CMakeFiles/CheckTypeSize/__UINT8.c
/root/git/ckpool-lhr/build/CMakeFiles/CheckTypeSize/__UINT8.c:27:22: error: ‘__uint8’ undeclared here (not in a function); did you mean ‘__uint8_t’?
   27 | #define SIZE (sizeof(__uint8))
      |                      ^~~~~~~
/root/git/ckpool-lhr/build/CMakeFiles/CheckTypeSize/__UINT8.c:29:12: note: in expansion of macro ‘SIZE’
   29 |   ('0' + ((SIZE / 10000)%10)),
      |            ^~~~
gmake[1]: *** [CMakeFiles/cmTC_a085c.dir/build.make:78: CMakeFiles/cmTC_a085c.dir/__UINT8.c.o] Error 1
gmake[1]: Leaving directory '/root/git/ckpool-lhr/build/CMakeFiles/CMakeTmp'
gmake: *** [Makefile:127: cmTC_a085c/fast] Error 2


/root/git/ckpool-lhr/build/CMakeFiles/CheckTypeSize/__UINT8.c:
#include <sys/types.h>
#include <stdint.h>
#include <stddef.h>


#undef KEY
#if defined(__i386)
# define KEY '_','_','i','3','8','6'
#elif defined(__x86_64)
# define KEY '_','_','x','8','6','_','6','4'
#elif defined(__PPC64__)
# define KEY '_','_','P','P','C','6','4','_','_'
#elif defined(__ppc64__)
# define KEY '_','_','p','p','c','6','4','_','_'
#elif defined(__PPC__)
# define KEY '_','_','P','P','C','_','_'
#elif defined(__ppc__)
# define KEY '_','_','p','p','c','_','_'
#elif defined(__aarch64__)
# define KEY '_','_','a','a','r','c','h','6','4','_','_'
#elif defined(__ARM_ARCH_7A__)
# define KEY '_','_','A','R','M','_','A','R','C','H','_','7','A','_','_'
#elif defined(__ARM_ARCH_7S__)
# define KEY '_','_','A','R','M','_','A','R','C','H','_','7','S','_','_'
#endif

#define SIZE (sizeof(__uint8))
static char info_size[] =  {'I', 'N', 'F', 'O', ':', 's','i','z','e','[',
  ('0' + ((SIZE / 10000)%10)),
  ('0' + ((SIZE / 1000)%10)),
  ('0' + ((SIZE / 100)%10)),
  ('0' + ((SIZE / 10)%10)),
  ('0' +  (SIZE    % 10)),
  ']',
#ifdef KEY
  ' ','k','e','y','[', KEY, ']',
#endif
  '\0'};

#ifdef __CLASSIC_C__
int main(argc, argv) int argc; char *argv[];
#else
int main(int argc, char *argv[])
#endif
{
  int require = 0;
  require += info_size[argc];
  (void)argv;
  return require;
}


Determining size of SSIZE_T failed with the following output:
Change Dir: /root/git/ckpool-lhr/build/CMakeFiles/CMakeTmp

Run Build Command(s):/usr/bin/gmake -f Makefile cmTC_6c9da/fast && /usr/bin/gmake  -f CMakeFiles/cmTC_6c9da.dir/build.make CMakeFiles/cmTC_6c9da.dir/build
gmake[1]: Entering directory '/root/git/ckpool-lhr/build/CMakeFiles/CMakeTmp'
Building C object CMakeFiles/cmTC_6c9da.dir/UPPERCASE_SSIZE_T.c.o
/usr/bin/cc   -Wno-format-truncation  -o CMakeFiles/cmTC_6c9da.dir/UPPERCASE_SSIZE_T.c.o -c /root/git/ckpool-lhr/build/CMakeFiles/CheckTypeSize/UPPERCASE_SSIZE_T.c
/root/git/ckpool-lhr/build/CMakeFiles/CheckTypeSize/UPPERCASE_SSIZE_T.c:27:22: error: ‘SSIZE_T’ undeclared here (not in a function)
   27 | #define SIZE (sizeof(SSIZE_T))
      |                      ^~~~~~~
/root/git/ckpool-lhr/build/CMakeFiles/CheckTypeSize/UPPERCASE_SSIZE_T.c:29:12: note: in expansion of macro ‘SIZE’
   29 |   ('0' + ((SIZE / 10000)%10)),
      |            ^~~~
gmake[1]: *** [CMakeFiles/cmTC_6c9da.dir/build.make:78: CMakeFiles/cmTC_6c9da.dir/UPPERCASE_SSIZE_T.c.o] Error 1
gmake[1]: Leaving directory '/root/git/ckpool-lhr/build/CMakeFiles/CMakeTmp'
gmake: *** [Makefile:127: cmTC_6c9da/fast] Error 2


/root/git/ckpool-lhr/build/CMakeFiles/CheckTypeSize/UPPERCASE_SSIZE_T.c:
#include <sys/types.h>
#include <stdint.h>
#include <stddef.h>


#undef KEY
#if defined(__i386)
# define KEY '_','_','i','3','8','6'
#elif defined(__x86_64)
# define KEY '_','_','x','8','6','_','6','4'
#elif defined(__PPC64__)
# define KEY '_','_','P','P','C','6','4','_','_'
#elif defined(__ppc64__)
# define KEY '_','_','p','p','c','6','4','_','_'
#elif defined(__PPC__)
# define KEY '_','_','P','P','C','_','_'
#elif defined(__ppc__)
# define KEY '_','_','p','p','c','_','_'
#elif defined(__aarch64__)
# define KEY '_','_','a','a','r','c','h','6','4','_','_'
#elif defined(__ARM_ARCH_7A__)
# define KEY '_','_','A','R','M','_','A','R','C','H','_','7','A','_','_'
#elif defined(__ARM_ARCH_7S__)
# define KEY '_','_','A','R','M','_','A','R','C','H','_','7','S','_','_'
#endif

#define SIZE (sizeof(SSIZE_T))
static char info_size[] =  {'I', 'N', 'F', 'O', ':', 's','i','z','e','[',
  ('0' + ((SIZE / 10000)%10)),
  ('0' + ((SIZE / 1000)%10)),
  ('0' + ((SIZE / 100)%10)),
  ('0' + ((SIZE / 10)%10)),
  ('0' +  (SIZE    % 10)),
  ']',
#ifdef KEY
  ' ','k','e','y','[', KEY, ']',
#endif
  '\0'};

#ifdef __CLASSIC_C__
int main(argc, argv) int argc; char *argv[];
#else
int main(int argc, char *argv[])
#endif
{
  int require = 0;
  require += info_size[argc];
  (void)argv;
  return require;
}


Determining if the function _strtoi64 exists failed with the following output:
Change Dir: /root/git/ckpool-lhr/build/CMakeFiles/CMakeTmp

Run Build Command(s):/usr/bin/gmake -f Makefile cmTC_fcfc3/fast && /usr/bin/gmake  -f CMakeFiles/cmTC_fcfc3.dir/build.make CMakeFiles/cmTC_fcfc3.dir/build
gmake[1]: Entering directory '/root/git/ckpool-lhr/build/CMakeFiles/CMakeTmp'
Building C object CMakeFiles/cmTC_fcfc3.dir/CheckFunctionExists.c.o
/usr/bin/cc   -Wno-format-truncation -DCHECK_FUNCTION_EXISTS=_strtoi64 -o CMakeFiles/cmTC_fcfc3.dir/CheckFunctionExists.c.o -c /usr/share/cmake-3.22/Modules/CheckFunctionExists.c
Linking C executable cmTC_fcfc3
/usr/bin/cmake -E cmake_link_script CMakeFiles/cmTC_fcfc3.dir/link.txt --verbose=1
/usr/bin/cc  -Wno-format-truncation -DCHECK_FUNCTION_EXISTS=_strtoi64 -rdynamic CMakeFiles/cmTC_fcfc3.dir/CheckFunctionExists.c.o -o cmTC_fcfc3 
/usr/bin/ld: CMakeFiles/cmTC_fcfc3.dir/CheckFunctionExists.c.o: in function `main':
CheckFunctionExists.c:(.text+0x14): undefined reference to `_strtoi64'
collect2: error: ld returned 1 exit status
gmake[1]: *** [CMakeFiles/cmTC_fcfc3.dir/build.make:99: cmTC_fcfc3] Error 1
gmake[1]: Leaving directory '/root/git/ckpool-lhr/build/CMakeFiles/CMakeTmp'
gmake: *** [Makefile:127: cmTC_fcfc3/fast] Error 2



Determining size of __int64 failed with the following output:
Change Dir: /root/git/ckpool-lhr/build/CMakeFiles/CMakeTmp

Run Build Command(s):/usr/bin/gmake -f Makefile cmTC_f4242/fast && /usr/bin/gmake  -f CMakeFiles/cmTC_f4242.dir/build.make CMakeFiles/cmTC_f4242.dir/build
gmake[1]: Entering directory '/root/git/ckpool-lhr/build/CMakeFiles/CMakeTmp'
Building C object CMakeFiles/cmTC_f4242.dir/__INT64.c.o
/usr/bin/cc   -Wno-format-truncation  -o CMakeFiles/cmTC_f4242.dir/__INT64.c.o -c /root/git/ckpool-lhr/build/CMakeFiles/CheckTypeSize/__INT64.c
/root/git/ckpool-lhr/build/CMakeFiles/CheckTypeSize/__INT64.c:27:22: error: ‘__int64’ undeclared here (not in a function); did you mean ‘__int64_t’?
   27 | #define SIZE (sizeof(__int64))
      |                      ^~~~~~~
/root/git/ckpool-lhr/build/CMakeFiles/CheckTypeSize/__INT64.c:29:12: note: in expansion of macro ‘SIZE’
   29 |   ('0' + ((SIZE / 10000)%10)),
      |            ^~~~
gmake[1]: *** [CMakeFiles/cmTC_f4242.dir/build.make:78: CMakeFiles/cmTC_f4242.dir/__INT64.c.o] Error 1
gmake[1]: Leaving directory '/root/git/ckpool-lhr/build/CMakeFiles/CMakeTmp'
gmake: *** [Makefile:127: cmTC_f4242/fast] Error 2


/root/git/ckpool-lhr/build/CMakeFiles/CheckTypeSize/__INT64.c:
#include <sys/types.h>
#include <stdint.h>
#include <stddef.h>


#undef KEY
#if defined(__i386)
# define KEY '_','_','i','3','8','6'
#elif defined(__x86_64)
# define KEY '_','_','x','8','6','_','6','4'
#elif defined(__PPC64__)
# define KEY '_','_','P','P','C','6','4','_','_'
#elif defined(__ppc64__)
# define KEY '_','_','p','p','c','6','4','_','_'
#elif defined(__PPC__)
# define KEY '_','_','P','P','C','_','_'
#elif defined(__ppc__)
# define KEY '_','_','p','p','c','_','_'
#elif defined(__aarch64__)
# define KEY '_','_','a','a','r','c','h','6','4','_','_'
#elif defined(__ARM_ARCH_7A__)
# define KEY '_','_','A','R','M','_','A','R','C','H','_','7','A','_','_'
#elif defined(__ARM_ARCH_7S__)
# define KEY '_','_','A','R','M','_','A','R','C','H','_','7','S','_','_'
#endif

#define SIZE (sizeof(__int64))
static char info_size[] =  {'I', 'N', 'F', 'O', ':', 's','i','z','e','[',
  ('0' + ((SIZE / 10000)%10)),
  ('0' + ((SIZE / 1000)%10)),
  ('0' + ((SIZE / 100)%10)),
  ('0' + ((SIZE / 10)%10)),
  ('0' +  (SIZE    % 10)),
  ']',
#ifdef KEY
  ' ','k','e','y','[', KEY, ']',
#endif
  '\0'};

#ifdef __CLASSIC_C__
int main(argc, argv) int argc; char *argv[];
#else
int main(int argc, char *argv[])
#endif
{
  int require = 0;
  require += info_size[argc];
  (void)argv;
  return require;
}


Determining size of __int32 failed with the following output:
Change Dir: /root/git/ckpool-lhr/build/CMakeFiles/CMakeTmp

Run Build Command(s):/usr/bin/gmake -f Makefile cmTC_8414f/fast && /usr/bin/gmake  -f CMakeFiles/cmTC_8414f.dir/build.make CMakeFiles/cmTC_8414f.dir/build
gmake[1]: Entering directory '/root/git/ckpool-lhr/build/CMakeFiles/CMakeTmp'
Building C object CMakeFiles/cmTC_8414f.dir/__INT32.c.o
/usr/bin/cc   -Wno-format-truncation  -o CMakeFiles/cmTC_8414f.dir/__INT32.c.o -c /root/git/ckpool-lhr/build/CMakeFiles/CheckTypeSize/__INT32.c
/root/git/ckpool-lhr/build/CMakeFiles/CheckTypeSize/__INT32.c:27:22: error: ‘__int32’ undeclared here (not in a function); did you mean ‘__int32_t’?
   27 | #define SIZE (sizeof(__int32))
      |                      ^~~~~~~
/root/git/ckpool-lhr/build/CMakeFiles/CheckTypeSize/__INT32.c:29:12: note: in expansion of macro ‘SIZE’
   29 |   ('0' + ((SIZE / 10000)%10)),
      |            ^~~~
gmake[1]: *** [CMakeFiles/cmTC_8414f.dir/build.make:78: CMakeFiles/cmTC_8414f.dir/__INT32.c.o] Error 1
gmake[1]: Leaving directory '/root/git/ckpool-lhr/build/CMakeFiles/CMakeTmp'
gmake: *** [Makefile:127: cmTC_8414f/fast] Error 2


/root/git/ckpool-lhr/build/CMakeFiles/CheckTypeSize/__INT32.c:
#include <sys/types.h>
#include <stdint.h>
#include <stddef.h>


#undef KEY
#if defined(__i386)
# define KEY '_','_','i','3','8','6'
#elif defined(__x86_64)
# define KEY '_','_','x','8','6','_','6','4'
#elif defined(__PPC64__)
# define KEY '_','_','P','P','C','6','4','_','_'
#elif defined(__ppc64__)
# define KEY '_','_','p','p','c','6','4','_','_'
#elif defined(__PPC__)
# define KEY '_','_','P','P','C','_','_'
#elif defined(__ppc__)
# define KEY '_','_','p','p','c','_','_'
#elif defined(__aarch64__)
# define KEY '_','_','a','a','r','c','h','6','4','_','_'
#elif defined(__ARM_ARCH_7A__)
# define KEY '_','_','A','R','M','_','A','R','C','H','_','7','A','_','_'
#elif defined(__ARM_ARCH_7S__)
# define KEY '_','_','A','R','M','_','A','R','C','H','_','7','S','_','_'
#endif

#define SIZE (sizeof(__int32))
static char info_size[] =  {'I', 'N', 'F', 'O', ':', 's','i','z','e','[',
  ('0' + ((SIZE / 10000)%10)),
  ('0' + ((SIZE / 1000)%10)),
  ('0' + ((SIZE / 100)%10)),
  ('0' + ((SIZE / 10)%10)),
  ('0' +  (SIZE    % 10)),
  ']',
#ifdef KEY
  ' ','k','e','y','[', KEY, ']',
#endif
  '\0'};

#ifdef __CLASSIC_C__
int main(argc, argv) int argc; char *argv[];
#else
int main(int argc, char *argv[])
#endif
{
  int require = 0;
  require += info_size[argc];
  (void)argv;
  return require;
}


Determining size of __uint32 failed with the following output:
Change Dir: /root/git/ckpool-lhr/build/CMakeFiles/CMakeTmp

Run Build Command(s):/usr/bin/gmake -f Makefile cmTC_2c20a/fast && /usr/bin/gmake  -f CMakeFiles/cmTC_2c20a.dir/build.make CMakeFiles/cmTC_2c20a.dir/build
gmake[1]: Entering directory '/root/git/ckpool-lhr/build/CMakeFiles/CMakeTmp'
Building C object CMakeFiles/cmTC_2c20a.dir/__UINT32.c.o
/usr/bin/cc   -Wno-format-truncation  -o CMakeFiles/cmTC_2c20a.dir/__UINT32.c.o -c /root/git/ckpool-lhr/build/CMakeFiles/CheckTypeSize/__UINT32.c
/root/git/ckpool-lhr/build/CMakeFiles/CheckTypeSize/__UINT32.c:27:22: error: ‘__uint32’ undeclared here (not in a function); did you mean ‘__uint32_t’?
   27 | #define SIZE (sizeof(__uint32))
      |                      ^~~~~~~~
/root/git/ckpool-lhr/build/CMakeFiles/CheckTypeSize/__UINT32.c:29:12: note: in expansion of macro ‘SIZE’
   29 |   ('0' + ((SIZE / 10000)%10)),
      |            ^~~~
gmake[1]: *** [CMakeFiles/cmTC_2c20a.dir/build.make:78: CMakeFiles/cmTC_2c20a.dir/__UINT32.c.o] Error 1
gmake[1]: Leaving directory '/root/git/ckpool-lhr/build/CMakeFiles/CMakeTmp'
gmake: *** [Makefile:127: cmTC_2c20a/fast] Error 2


/root/git/ckpool-lhr/build/CMakeFiles/CheckTypeSize/__UINT32.c:
#include <sys/types.h>
#include <stdint.h>
#include <stddef.h>


#undef KEY
#if defined(__i386)
# define KEY '_','_','i','3','8','6'
#elif defined(__x86_64)
# define KEY '_','_','x','8','6','_','6','4'
#elif defined(__PPC64__)
# define KEY '_','_','P','P','C','6','4','_','_'
#elif defined(__ppc64__)
# define KEY '_','_','p','p','c','6','4','_','_'
#elif defined(__PPC__)
# define KEY '_','_','P','P','C','_','_'
#elif defined(__ppc__)
# define KEY '_','_','p','p','c','_','_'
#elif defined(__aarch64__)
# define KEY '_','_','a','a','r','c','h','6','4','_','_'
#elif defined(__ARM_ARCH_7A__)
# define KEY '_','_','A','R','M','_','A','R','C','H','_','7','A','_','_'
#elif defined(__ARM_ARCH_7S__)
# define KEY '_','_','A','R','M','_','A','R','C','H','_','7','S','_','_'
#endif

#define SIZE (sizeof(__uint32))
static char info_size[] =  {'I', 'N', 'F', 'O', ':', 's','i','z','e','[',
  ('0' + ((SIZE / 10000)%10)),
  ('0' + ((SIZE / 1000)%10)),
  ('0' + ((SIZE / 100)%10)),
  ('0' + ((SIZE / 10)%10)),
  ('0' +  (SIZE    % 10)),
  ']',
#ifdef KEY
  ' ','k','e','y','[', KEY, ']',
#endif
  '\0'};

#ifdef __CLASSIC_C__
int main(argc, argv) int argc; char *argv[];
#else
int main(int argc, char *argv[])
#endif
{
  int require = 0;
  require += info_size[argc];
  (void)argv;
  return require;
}


Determining size of __uint16 failed with the following output:
Change Dir: /root/git/ckpool-lhr/build/CMakeFiles/CMakeTmp

Run Build Command(s):/usr/bin/gmake -f Makefile cmTC_c8206/fast && /usr/bin/gmake  -f CMakeFiles/cmTC_c8206.dir/build.make CMakeFiles/cmTC_c8206.dir/build
gmake[1]: Entering directory '/root/git/ckpool-lhr/build/CMakeFiles/CMakeTmp'
Building C object CMakeFiles/cmTC_c8206.dir/__UINT16.c.o
/usr/bin/cc   -Wno-format-truncation  -o CMakeFiles/cmTC_c8206.dir/__UINT16.c.o -c /root/git/ckpool-lhr/build/CMakeFiles/CheckTypeSize/__UINT16.c
/root/git/ckpool-lhr/build/CMakeFiles/CheckTypeSize/__UINT16.c:27:22: error: ‘__uint16’ undeclared here (not in a function); did you mean ‘__uint16_t’?
   27 | #define SIZE (sizeof(__uint16))
      |                      ^~~~~~~~
/root/git/ckpool-lhr/build/CMakeFiles/CheckTypeSize/__UINT16.c:29:12: note: in expansion of macro ‘SIZE’
   29 |   ('0' + ((SIZE / 10000)%10)),
      |            ^~~~
gmake[1]: *** [CMakeFiles/cmTC_c8206.dir/build.make:78: CMakeFiles/cmTC_c8206.dir/__UINT16.c.o] Error 1
gmake[1]: Leaving directory '/root/git/ckpool-lhr/build/CMakeFiles/CMakeTmp'
gmake: *** [Makefile:127: cmTC_c8206/fast] Error 2


/root/git/ckpool-lhr/build/CMakeFiles/CheckTypeSize/__UINT16.c:
#include <sys/types.h>
#include <stdint.h>
#include <stddef.h>


#undef KEY
#if defined(__i386)
# define KEY '_','_','i','3','8','6'
#elif defined(__x86_64)
# define KEY '_','_','x','8','6','_','6','4'
#elif defined(__PPC64__)
# define KEY '_','_','P','P','C','6','4','_','_'
#elif defined(__ppc64__)
# define KEY '_','_','p','p','c','6','4','_','_'
#elif defined(__PPC__)
# define KEY '_','_','P','P','C','_','_'
#elif defined(__ppc__)
# define KEY '_','_','p','p','c','_','_'
#elif defined(__aarch64__)
# define KEY '_','_','a','a','r','c','h','6','4','_','_'
#elif defined(__ARM_ARCH_7A__)
# define KEY '_','_','A','R','M','_','A','R','C','H','_','7','A','_','_'
#elif defined(__ARM_ARCH_7S__)
# define KEY '_','_','A','R','M','_','A','R','C','H','_','7','S','_','_'
#endif

#define SIZE (sizeof(__uint16))
static char info_size[] =  {'I', 'N', 'F', 'O', ':', 's','i','z','e','[',
  ('0' + ((SIZE / 10000)%10)),
  ('0' + ((SIZE / 1000)%10)),
  ('0' + ((SIZE / 100)%10)),
  ('0' + ((SIZE / 10)%10)),
  ('0' +  (SIZE    % 10)),
  ']',
#ifdef KEY
  ' ','k','e','y','[', KEY, ']',
#endif
  '\0'};

#ifdef __CLASSIC_C__
int main(argc, argv) int argc; char *argv[];
#else
int main(int argc, char *argv[])
#endif
{
  int require = 0;
  require += info_size[argc];
  (void)argv;
  return require;
}


Determining size of __uint8 failed with the following output:
Change Dir: /root/git/ckpool-lhr/build/CMakeFiles/CMakeTmp

Run Build Command(s):/usr/bin/gmake -f Makefile cmTC_32028/fast && /usr/bin/gmake  -f CMakeFiles/cmTC_32028.dir/build.make CMakeFiles/cmTC_32028.dir/build
gmake[1]: Entering directory '/root/git/ckpool-lhr/build/CMakeFiles/CMakeTmp'
Building C object CMakeFiles/cmTC_32028.dir/__UINT8.c.o
/usr/bin/cc   -Wno-format-truncation  -o CMakeFiles/cmTC_32028.dir/__UINT8.c.o -c /root/git/ckpool-lhr/build/CMakeFiles/CheckTypeSize/__UINT8.c
/root/git/ckpool-lhr/build/CMakeFiles/CheckTypeSize/__UINT8.c:27:22: error: ‘__uint8’ undeclared here (not in a function); did you mean ‘__uint8_t’?
   27 | #define SIZE (sizeof(__uint8))
      |                      ^~~~~~~
/root/git/ckpool-lhr/build/CMakeFiles/CheckTypeSize/__UINT8.c:29:12: note: in expansion of macro ‘SIZE’
   29 |   ('0' + ((SIZE / 10000)%10)),
      |            ^~~~
gmake[1]: *** [CMakeFiles/cmTC_32028.dir/build.make:78: CMakeFiles/cmTC_32028.dir/__UINT8.c.o] Error 1
gmake[1]: Leaving directory '/root/git/ckpool-lhr/build/CMakeFiles/CMakeTmp'
gmake: *** [Makefile:127: cmTC_32028/fast] Error 2


/root/git/ckpool-lhr/build/CMakeFiles/CheckTypeSize/__UINT8.c:
#include <sys/types.h>
#include <stdint.h>
#include <stddef.h>


#undef KEY
#if defined(__i386)
# define KEY '_','_','i','3','8','6'
#elif defined(__x86_64)
# define KEY '_','_','x','8','6','_','6','4'
#elif defined(__PPC64__)
# define KEY '_','_','P','P','C','6','4','_','_'
#elif defined(__ppc64__)
# define KEY '_','_','p','p','c','6','4','_','_'
#elif defined(__PPC__)
# define KEY '_','_','P','P','C','_','_'
#elif defined(__ppc__)
# define KEY '_','_','p','p','c','_','_'
#elif defined(__aarch64__)
# define KEY '_','_','a','a','r','c','h','6','4','_','_'
#elif defined(__ARM_ARCH_7A__)
# define KEY '_','_','A','R','M','_','A','R','C','H','_','7','A','_','_'
#elif defined(__ARM_ARCH_7S__)
# define KEY '_','_','A','R','M','_','A','R','C','H','_','7','S','_','_'
#endif

#define SIZE (sizeof(__uint8))
static char info_size[] =  {'I', 'N', 'F', 'O', ':', 's','i','z','e','[',
  ('0' + ((SIZE / 10000)%10)),
  ('0' + ((SIZE / 1000)%10)),
  ('0' + ((SIZE / 100)%10)),
  ('0' + ((SIZE / 10)%10)),
  ('0' +  (SIZE    % 10)),
  ']',
#ifdef KEY
  ' ','k','e','y','[', KEY, ']',
#endif
  '\0'};

#ifdef __CLASSIC_C__
int main(argc, argv) int argc; char *argv[];
#else
int main(int argc, char *argv[])
#endif
{
  int require = 0;
  require += info_size[argc];
  (void)argv;
  return require;
}


Determining size of SSIZE_T failed with the following output:
Change Dir: /root/git/ckpool-lhr/build/CMakeFiles/CMakeTmp

Run Build Command(s):/usr/bin/gmake -f Makefile cmTC_7bd5d/fast && /usr/bin/gmake  -f CMakeFiles/cmTC_7bd5d.dir/build.make CMakeFiles/cmTC_7bd5d.dir/build
gmake[1]: Entering directory '/root/git/ckpool-lhr/build/CMakeFiles/CMakeTmp'
Building C object CMakeFiles/cmTC_7bd5d.dir/UPPERCASE_SSIZE_T.c.o
/usr/bin/cc   -Wno-format-truncation  -o CMakeFiles/cmTC_7bd5d.dir/UPPERCASE_SSIZE_T.c.o -c /root/git/ckpool-lhr/build/CMakeFiles/CheckTypeSize/UPPERCASE_SSIZE_T.c
/root/git/ckpool-lhr/build/CMakeFiles/CheckTypeSize/UPPERCASE_SSIZE_T.c:27:22: error: ‘SSIZE_T’ undeclared here (not in a function)
   27 | #define SIZE (sizeof(SSIZE_T))
      |                      ^~~~~~~
/root/git/ckpool-lhr/build/CMakeFiles/CheckTypeSize/UPPERCASE_SSIZE_T.c:29:12: note: in expansion of macro ‘SIZE’
   29 |   ('0' + ((SIZE / 10000)%10)),
      |            ^~~~
gmake[1]: *** [CMakeFiles/cmTC_7bd5d.dir/build.make:78: CMakeFiles/cmTC_7bd5d.dir/UPPERCASE_SSIZE_T.c.o] Error 1
gmake[1]: Leaving directory '/root/git/ckpool-lhr/build/CMakeFiles/CMakeTmp'
gmake: *** [Makefile:127: cmTC_7bd5d/fast] Error 2


/root/git/ckpool-lhr/build/CMakeFiles/CheckTypeSize/UPPERCASE_SSIZE_T.c:
#include <sys/types.h>
#include <stdint.h>
#include <stddef.h>


#undef KEY
#if defined(__i386)
# define KEY '_','_','i','3','8','6'
#elif defined(__x86_64)
# define KEY '_','_','x','8','6','_','6','4'
#elif defined(__PPC64__)
# define KEY '_','_','P','P','C','6','4','_','_'
#elif defined(__ppc64__)
# define KEY '_','_','p','p','c','6','4','_','_'
#elif defined(__PPC__)
# define KEY '_','_','P','P','C','_','_'
#elif defined(__ppc__)
# define KEY '_','_','p','p','c','_','_'
#elif defined(__aarch64__)
# define KEY '_','_','a','a','r','c','h','6','4','_','_'
#elif defined(__ARM_ARCH_7A__)
# define KEY '_','_','A','R','M','_','A','R','C','H','_','7','A','_','_'
#elif defined(__ARM_ARCH_7S__)
# define KEY '_','_','A','R','M','_','A','R','C','H','_','7','S','_','_'
#endif

#define SIZE (sizeof(SSIZE_T))
static char info_size[] =  {'I', 'N', 'F', 'O', ':', 's','i','z','e','[',
  ('0' + ((SIZE / 10000)%10)),
  ('0' + ((SIZE / 1000)%10)),
  ('0' + ((SIZE / 100)%10)),
  ('0' + ((SIZE / 10)%10)),
  ('0' +  (SIZE    % 10)),
  ']',
#ifdef KEY
  ' ','k','e','y','[', KEY, ']',
#endif
  '\0'};

#ifdef __CLASSIC_C__
int main(argc, argv) int argc; char *argv[];
#else
int main(int argc, char *argv[])
#endif
{
  int require = 0;
  require += info_size[argc];
  (void)argv;
  return require;
}


Determining if the function _strtoi64 exists failed with the following output:
Change Dir: /root/git/ckpool-lhr/build/CMakeFiles/CMakeTmp

Run Build Command(s):/usr/bin/gmake -f Makefile cmTC_f311a/fast && /usr/bin/gmake  -f CMakeFiles/cmTC_f311a.dir/build.make CMakeFiles/cmTC_f311a.dir/build
gmake[1]: Entering directory '/root/git/ckpool-lhr/build/CMakeFiles/CMakeTmp'
Building C object CMakeFiles/cmTC_f311a.dir/CheckFunctionExists.c.o
/usr/bin/cc   -Wno-format-truncation -DCHECK_FUNCTION_EXISTS=_strtoi64 -o CMakeFiles/cmTC_f311a.dir/CheckFunctionExists.c.o -c /usr/share/cmake-3.22/Modules/CheckFunctionExists.c
Linking C executable cmTC_f311a
/usr/bin/cmake -E cmake_link_script CMakeFiles/cmTC_f311a.dir/link.txt --verbose=1
/usr/bin/cc  -Wno-format-truncation -DCHECK_FUNCTION_EXISTS=_strtoi64 -rdynamic CMakeFiles/cmTC_f311a.dir/CheckFunctionExists.c.o -o cmTC_f311a 
/usr/bin/ld: CMakeFiles/cmTC_f311a.dir/CheckFunctionExists.c.o: in function `main':
CheckFunctionExists.c:(.text+0x14): undefined reference to `_strtoi64'
collect2: error: ld returned 1 exit status
gmake[1]: *** [CMakeFiles/cmTC_f311a.dir/build.make:99: cmTC_f311a] Error 1
gmake[1]: Leaving directory '/root/git/ckpool-lhr/build/CMakeFiles/CMakeTmp'
gmake: *** [Makefile:127: cmTC_f311a/fast] Error 2



Determining size of __int64 failed with the following output:
Change Dir: /root/git/ckpool-lhr/build/CMakeFiles/CMakeTmp

Run Build Command(s):/usr/bin/gmake -f Makefile cmTC_fa64e/fast && /usr/bin/gmake  -f CMakeFiles/cmTC_fa64e.dir/build.make CMakeFiles/cmTC_fa64e.dir/build
gmake[1]: Entering directory '/root/git/ckpool-lhr/build/CMakeFiles/CMakeTmp'
Building C object CMakeFiles/cmTC_fa64e.dir/__INT64.c.o
/usr/bin/cc   -Wno-format-truncation  -o CMakeFiles/cmTC_fa64e.dir/__INT64.c.o -c /root/git/ckpool-lhr/build/CMakeFiles/CheckTypeSize/__INT64.c
/root/git/ckpool-lhr/build/CMakeFiles/CheckTypeSize/__INT64.c:27:22: error: ‘__int64’ undeclared here (not in a function); did you mean ‘__int64_t’?
   27 | #define SIZE (sizeof(__int64))
      |                      ^~~~~~~
/root/git/ckpool-lhr/build/CMakeFiles/CheckTypeSize/__INT64.c:29:12: note: in expansion of macro ‘SIZE’
   29 |   ('0' + ((SIZE / 10000)%10)),
      |            ^~~~
gmake[1]: *** [CMakeFiles/cmTC_fa64e.dir/build.make:78: CMakeFiles/cmTC_fa64e.dir/__INT64.c.o] Error 1
gmake[1]: Leaving directory '/root/git/ckpool-lhr/build/CMakeFiles/CMakeTmp'
gmake: *** [Makefile:127: cmTC_fa64e/fast] Error 2


/root/git/ckpool-lhr/build/CMakeFiles/CheckTypeSize/__INT64.c:
#include <sys/types.h>
#include <stdint.h>
#include <stddef.h>


#undef KEY
#if defined(__i386)
# define KEY '_','_','i','3','8','6'
#elif defined(__x86_64)
# define KEY '_','_','x','8','6','_','6','4'
#elif defined(__PPC64__)
# define KEY '_','_','P','P','C','6','4','_','_'
#elif defined(__ppc64__)
# define KEY '_','_','p','p','c','6','4','_','_'
#elif defined(__PPC__)
# define KEY '_','_','P','P','C','_','_'
#elif defined(__ppc__)
# define KEY '_','_','p','p','c','_','_'
#elif defined(__aarch64__)
# define KEY '_','_','a','a','r','c','h','6','4','_','_'
#elif defined(__ARM_ARCH_7A__)
# define KEY '_','_','A','R','M','_','A','R','C','H','_','7','A','_','_'
#elif defined(__ARM_ARCH_7S__)
# define KEY '_','_','A','R','M','_','A','R','C','H','_','7','S','_','_'
#endif

#define SIZE (sizeof(__int64))
static char info_size[] =  {'I', 'N', 'F', 'O', ':', 's','i','z','e','[',
  ('0' + ((SIZE / 10000)%10)),
  ('0' + ((SIZE / 1000)%10)),
  ('0' + ((SIZE / 100)%10)),
  ('0' + ((SIZE / 10)%10)),
  ('0' +  (SIZE    % 10)),
  ']',
#ifdef KEY
  ' ','k','e','y','[', KEY, ']',
#endif
  '\0'};

#ifdef __CLASSIC_C__
int main(argc, argv) int argc; char *argv[];
#else
int main(int argc, char *argv[])
#endif
{
  int require = 0;
  require += info_size[argc];
  (void)argv;
  return require;
}


Determining size of __int32 failed with the following output:
Change Dir: /root/git/ckpool-lhr/build/CMakeFiles/CMakeTmp

Run Build Command(s):/usr/bin/gmake -f Makefile cmTC_e2084/fast && /usr/bin/gmake  -f CMakeFiles/cmTC_e2084.dir/build.make CMakeFiles/cmTC_e2084.dir/build
gmake[1]: Entering directory '/root/git/ckpool-lhr/build/CMakeFiles/CMakeTmp'
Building C object CMakeFiles/cmTC_e2084.dir/__INT32.c.o
/usr/bin/cc   -Wno-format-truncation  -o CMakeFiles/cmTC_e2084.dir/__INT32.c.o -c /root/git/ckpool-lhr/build/CMakeFiles/CheckTypeSize/__INT32.c
/root/git/ckpool-lhr/build/CMakeFiles/CheckTypeSize/__INT32.c:27:22: error: ‘__int32’ undeclared here (not in a function); did you mean ‘__int32_t’?
   27 | #define SIZE (sizeof(__int32))
      |                      ^~~~~~~
/root/git/ckpool-lhr/build/CMakeFiles/CheckTypeSize/__INT32.c:29:12: note: in expansion of macro ‘SIZE’
   29 |   ('0' + ((SIZE / 10000)%10)),
      |            ^~~~
gmake[1]: *** [CMakeFiles/cmTC_e2084.dir/build.make:78: CMakeFiles/cmTC_e2084.dir/__INT32.c.o] Error 1
gmake[1]: Leaving directory '/root/git/ckpool-lhr/build/CMakeFiles/CMakeTmp'
gmake: *** [Makefile:127: cmTC_e2084/fast] Error 2


/root/git/ckpool-lhr/build/CMakeFiles/CheckTypeSize/__INT32.c:
#include <sys/types.h>
#include <stdint.h>
#include <stddef.h>


#undef KEY
#if defined(__i386)
# define KEY '_','_','i','3','8','6'
#elif defined(__x86_64)
# define KEY '_','_','x','8','6','_','6','4'
#elif defined(__PPC64__)
# define KEY '_','_','P','P','C','6','4','_','_'
#elif defined(__ppc64__)
# define KEY '_','_','p','p','c','6','4','_','_'
#elif defined(__PPC__)
# define KEY '_','_','P','P','C','_','_'
#elif defined(__ppc__)
# define KEY '_','_','p','p','c','_','_'
#elif defined(__aarch64__)
# define KEY '_','_','a','a','r','c','h','6','4','_','_'
#elif defined(__ARM_ARCH_7A__)
# define KEY '_','_','A','R','M','_','A','R','C','H','_','7','A','_','_'
#elif defined(__ARM_ARCH_7S__)
# define KEY '_','_','A','R','M','_','A','R','C','H','_','7','S','_','_'
#endif

#define SIZE (sizeof(__int32))
static char info_size[] =  {'I', 'N', 'F', 'O', ':', 's','i','z','e','[',
  ('0' + ((SIZE / 10000)%10)),
  ('0' + ((SIZE / 1000)%10)),
  ('0' + ((SIZE / 100)%10)),
  ('0' + ((SIZE / 10)%10)),
  ('0' +  (SIZE    % 10)),
  ']',
#ifdef KEY
  ' ','k','e','y','[', KEY, ']',
#endif
  '\0'};

#ifdef __CLASSIC_C__
int main(argc, argv) int argc; char *argv[];
#else
int main(int argc, char *argv[])
#endif
{
  int require = 0;
  require += info_size[argc];
  (void)argv;
  return require;
}


Determining size of __uint32 failed with the following output:
Change Dir: /root/git/ckpool-lhr/build/CMakeFiles/CMakeTmp

Run Build Command(s):/usr/bin/gmake -f Makefile cmTC_74579/fast && /usr/bin/gmake  -f CMakeFiles/cmTC_74579.dir/build.make CMakeFiles/cmTC_74579.dir/build
gmake[1]: Entering directory '/root/git/ckpool-lhr/build/CMakeFiles/CMakeTmp'
Building C object CMakeFiles/cmTC_74579.dir/__UINT32.c.o
/usr/bin/cc   -Wno-format-truncation  -o CMakeFiles/cmTC_74579.dir/__UINT32.c.o -c /root/git/ckpool-lhr/build/CMakeFiles/CheckTypeSize/__UINT32.c
/root/git/ckpool-lhr/build/CMakeFiles/CheckTypeSize/__UINT32.c:27:22: error: ‘__uint32’ undeclared here (not in a function); did you mean ‘__uint32_t’?
   27 | #define SIZE (sizeof(__uint32))
      |                      ^~~~~~~~
/root/git/ckpool-lhr/build/CMakeFiles/CheckTypeSize/__UINT32.c:29:12: note: in expansion of macro ‘SIZE’
   29 |   ('0' + ((SIZE / 10000)%10)),
      |            ^~~~
gmake[1]: *** [CMakeFiles/cmTC_74579.dir/build.make:78: CMakeFiles/cmTC_74579.dir/__UINT32.c.o] Error 1
gmake[1]: Leaving directory '/root/git/ckpool-lhr/build/CMakeFiles/CMakeTmp'
gmake: *** [Makefile:127: cmTC_74579/fast] Error 2


/root/git/ckpool-lhr/build/CMakeFiles/CheckTypeSize/__UINT32.c:
#include <sys/types.h>
#include <stdint.h>
#include <stddef.h>


#undef KEY
#if defined(__i386)
# define KEY '_','_','i','3','8','6'
#elif defined(__x86_64)
# define KEY '_','_','x','8','6','_','6','4'
#elif defined(__PPC64__)
# define KEY '_','_','P','P','C','6','4','_','_'
#elif defined(__ppc64__)
# define KEY '_','_','p','p','c','6','4','_','_'
#elif defined(__PPC__)
# define KEY '_','_','P','P','C','_','_'
#elif defined(__ppc__)
# define KEY '_','_','p','p','c','_','_'
#elif defined(__aarch64__)
# define KEY '_','_','a','a','r','c','h','6','4','_','_'
#elif defined(__ARM_ARCH_7A__)
# define KEY '_','_','A','R','M','_','A','R','C','H','_','7','A','_','_'
#elif defined(__ARM_ARCH_7S__)
# define KEY '_','_','A','R','M','_','A','R','C','H','_','7','S','_','_'
#endif

#define SIZE (sizeof(__uint32))
static char info_size[] =  {'I', 'N', 'F', 'O', ':', 's','i','z','e','[',
  ('0' + ((SIZE / 10000)%10)),
  ('0' + ((SIZE / 1000)%10)),
  ('0' + ((SIZE / 100)%10)),
  ('0' + ((SIZE / 10)%10)),
  ('0' +  (SIZE    % 10)),
  ']',
#ifdef KEY
  ' ','k','e','y','[', KEY, ']',
#endif
  '\0'};

#ifdef __CLASSIC_C__
int main(argc, argv) int argc; char *argv[];
#else
int main(int argc, char *argv[])
#endif
{
  int require = 0;
  require += info_size[argc];
  (void)argv;
  return require;
}


Determining size of __uint16 failed with the following output:
Change Dir: /root/git/ckpool-lhr/build/CMakeFiles/CMakeTmp

Run Build Command(s):/usr/bin/gmake -f Makefile cmTC_7a521/fast && /usr/bin/gmake  -f CMakeFiles/cmTC_7a521.dir/build.make CMakeFiles/cmTC_7a521.dir/build
gmake[1]: Entering directory '/root/git/ckpool-lhr/build/CMakeFiles/CMakeTmp'
Building C object CMakeFiles/cmTC_7a521.dir/__UINT16.c.o
/usr/bin/cc   -Wno-format-truncation  -o CMakeFiles/cmTC_7a521.dir/__UINT16.c.o -c /root/git/ckpool-lhr/build/CMakeFiles/CheckTypeSize/__UINT16.c
/root/git/ckpool-lhr/build/CMakeFiles/CheckTypeSize/__UINT16.c:27:22: error: ‘__uint16’ undeclared here (not in a function); did you mean ‘__uint16_t’?
   27 | #define SIZE (sizeof(__uint16))
      |                      ^~~~~~~~
/root/git/ckpool-lhr/build/CMakeFiles/CheckTypeSize/__UINT16.c:29:12: note: in expansion of macro ‘SIZE’
   29 |   ('0' + ((SIZE / 10000)%10)),
      |            ^~~~
gmake[1]: *** [CMakeFiles/cmTC_7a521.dir/build.make:78: CMakeFiles/cmTC_7a521.dir/__UINT16.c.o] Error 1
gmake[1]: Leaving directory '/root/git/ckpool-lhr/build/CMakeFiles/CMakeTmp'
gmake: *** [Makefile:127: cmTC_7a521/fast] Error 2


/root/git/ckpool-lhr/build/CMakeFiles/CheckTypeSize/__UINT16.c:
#include <sys/types.h>
#include <stdint.h>
#include <stddef.h>


#undef KEY
#if defined(__i386)
# define KEY '_','_','i','3','8','6'
#elif defined(__x86_64)
# define KEY '_','_','x','8','6','_','6','4'
#elif defined(__PPC64__)
# define KEY '_','_','P','P','C','6','4','_','_'
#elif defined(__ppc64__)
# define KEY '_','_','p','p','c','6','4','_','_'
#elif defined(__PPC__)
# define KEY '_','_','P','P','C','_','_'
#elif defined(__ppc__)
# define KEY '_','_','p','p','c','_','_'
#elif defined(__aarch64__)
# define KEY '_','_','a','a','r','c','h','6','4','_','_'
#elif defined(__ARM_ARCH_7A__)
# define KEY '_','_','A','R','M','_','A','R','C','H','_','7','A','_','_'
#elif defined(__ARM_ARCH_7S__)
# define KEY '_','_','A','R','M','_','A','R','C','H','_','7','S','_','_'
#endif

#define SIZE (sizeof(__uint16))
static char info_size[] =  {'I', 'N', 'F', 'O', ':', 's','i','z','e','[',
  ('0' + ((SIZE / 10000)%10)),
  ('0' + ((SIZE / 1000)%10)),
  ('0' + ((SIZE / 100)%10)),
  ('0' + ((SIZE / 10)%10)),
  ('0' +  (SIZE    % 10)),
  ']',
#ifdef KEY
  ' ','k','e','y','[', KEY, ']',
#endif
  '\0'};

#ifdef __CLASSIC_C__
int main(argc, argv) int argc; char *argv[];
#else
int main(int argc, char *argv[])
#endif
{
  int require = 0;
  require += info_size[argc];
  (void)argv;
  return require;
}


Determining size of __uint8 failed with the following output:
Change Dir: /root/git/ckpool-lhr/build/CMakeFiles/CMakeTmp

Run Build Command(s):/usr/bin/gmake -f Makefile cmTC_fc992/fast && /usr/bin/gmake  -f CMakeFiles/cmTC_fc992.dir/build.make CMakeFiles/cmTC_fc992.dir/build
gmake[1]: Entering directory '/root/git/ckpool-lhr/build/CMakeFiles/CMakeTmp'
Building C object CMakeFiles/cmTC_fc992.dir/__UINT8.c.o
/usr/bin/cc   -Wno-format-truncation  -o CMakeFiles/cmTC_fc992.dir/__UINT8.c.o -c /root/git/ckpool-lhr/build/CMakeFiles/CheckTypeSize/__UINT8.c
/root/git/ckpool-lhr/build/CMakeFiles/CheckTypeSize/__UINT8.c:27:22: error: ‘__uint8’ undeclared here (not in a function); did you mean ‘__uint8_t’?
   27 | #define SIZE (sizeof(__uint8))
      |                      ^~~~~~~
/root/git/ckpool-lhr/build/CMakeFiles/CheckTypeSize/__UINT8.c:29:12: note: in expansion of macro ‘SIZE’
   29 |   ('0' + ((SIZE / 10000)%10)),
      |            ^~~~
gmake[1]: *** [CMakeFiles/cmTC_fc992.dir/build.make:78: CMakeFiles/cmTC_fc992.dir/__UINT8.c.o] Error 1
gmake[1]: Leaving directory '/root/git/ckpool-lhr/build/CMakeFiles/CMakeTmp'
gmake: *** [Makefile:127: cmTC_fc992/fast] Error 2


/root/git/ckpool-lhr/build/CMakeFiles/CheckTypeSize/__UINT8.c:
#include <sys/types.h>
#include <stdint.h>
#include <stddef.h>


#undef KEY
#if defined(__i386)
# define KEY '_','_','i','3','8','6'
#elif defined(__x86_64)
# define KEY '_','_','x','8','6','_','6','4'
#elif defined(__PPC64__)
# define KEY '_','_','P','P','C','6','4','_','_'
#elif defined(__ppc64__)
# define KEY '_','_','p','p','c','6','4','_','_'
#elif defined(__PPC__)
# define KEY '_','_','P','P','C','_','_'
#elif defined(__ppc__)
# define KEY '_','_','p','p','c','_','_'
#elif defined(__aarch64__)
# define KEY '_','_','a','a','r','c','h','6','4','_','_'
#elif defined(__ARM_ARCH_7A__)
# define KEY '_','_','A','R','M','_','A','R','C','H','_','7','A','_','_'
#elif defined(__ARM_ARCH_7S__)
# define KEY '_','_','A','R','M','_','A','R','C','H','_','7','S','_','_'
#endif

#define SIZE (sizeof(__uint8))
static char info_size[] =  {'I', 'N', 'F', 'O', ':', 's','i','z','e','[',
  ('0' + ((SIZE / 10000)%10)),
  ('0' + ((SIZE / 1000)%10)),
  ('0' + ((SIZE / 100)%10)),
  ('0' + ((SIZE / 10)%10)),
  ('0' +  (SIZE    % 10)),
  ']',
#ifdef KEY
  ' ','k','e','y','[', KEY, ']',
#endif
  '\0'};

#ifdef __CLASSIC_C__
int main(argc, argv) int argc; char *argv[];
#else
int main(int argc, char *argv[])
#endif
{
  int require = 0;
  require += info_size[argc];
  (void)argv;
  return require;
}


Determining size of SSIZE_T failed with the following output:
Change Dir: /root/git/ckpool-lhr/build/CMakeFiles/CMakeTmp

Run Build Command(s):/usr/bin/gmake -f Makefile cmTC_0a0dc/fast && /usr/bin/gmake  -f CMakeFiles/cmTC_0a0dc.dir/build.make CMakeFiles/cmTC_0a0dc.dir/build
gmake[1]: Entering directory '/root/git/ckpool-lhr/build/CMakeFiles/CMakeTmp'
Building C object CMakeFiles/cmTC_0a0dc.dir/UPPERCASE_SSIZE_T.c.o
/usr/bin/cc   -Wno-format-truncation  -o CMakeFiles/cmTC_0a0dc.dir/UPPERCASE_SSIZE_T.c.o -c /root/git/ckpool-lhr/build/CMakeFiles/CheckTypeSize/UPPERCASE_SSIZE_T.c
/root/git/ckpool-lhr/build/CMakeFiles/CheckTypeSize/UPPERCASE_SSIZE_T.c:27:22: error: ‘SSIZE_T’ undeclared here (not in a function)
   27 | #define SIZE (sizeof(SSIZE_T))
      |                      ^~~~~~~
/root/git/ckpool-lhr/build/CMakeFiles/CheckTypeSize/UPPERCASE_SSIZE_T.c:29:12: note: in expansion of macro ‘SIZE’
   29 |   ('0' + ((SIZE / 10000)%10)),
      |            ^~~~
gmake[1]: *** [CMakeFiles/cmTC_0a0dc.dir/build.make:78: CMakeFiles/cmTC_0a0dc.dir/UPPERCASE_SSIZE_T.c.o] Error 1
gmake[1]: Leaving directory '/root/git/ckpool-lhr/build/CMakeFiles/CMakeTmp'
gmake: *** [Makefile:127: cmTC_0a0dc/fast] Error 2


/root/git/ckpool-lhr/build/CMakeFiles/CheckTypeSize/UPPERCASE_SSIZE_T.c:
#include <sys/types.h>
#include <stdint.h>
#include <stddef.h>


#undef KEY
#if defined(__i386)
# define KEY '_','_','i','3','8','6'
#elif defined(__x86_64)
# define KEY '_','_','x','8','6','_','6','4'
#elif defined(__PPC64__)
# define KEY '_','_','P','P','C','6','4','_','_'
#elif defined(__ppc64__)
# define KEY '_','_','p','p','c','6','4','_','_'
#elif defined(__PPC__)
# define KEY '_','_','P','P','C','_','_'
#elif defined(__ppc__)
# define KEY '_','_','p','p','c','_','_'
#elif defined(__aarch64__)
# define KEY '_','_','a','a','r','c','h','6','4','_','_'
#elif defined(__ARM_ARCH_7A__)
# define KEY '_','_','A','R','M','_','A','R','C','H','_','7','A','_','_'
#elif defined(__ARM_ARCH_7S__)
# define KEY '_','_','A','R','M','_','A','R','C','H','_','7','S','_','_'
#endif

#define SIZE (sizeof(SSIZE_T))
static char info_size[] =  {'I', 'N', 'F', 'O', ':', 's','i','z','e','[',
  ('0' + ((SIZE / 10000)%10)),
  ('0' + ((SIZE / 1000)%10)),
  ('0' + ((SIZE / 100)%10)),
  ('0' + ((SIZE / 10)%10)),
  ('0' +  (SIZE    % 10)),
  ']',
#ifdef KEY
  ' ','k','e','y','[', KEY, ']',
#endif
  '\0'};

#ifdef __CLASSIC_C__
int main(argc, argv) int argc; char *argv[];
#else
int main(int argc, char *argv[])
#endif
{
  int require = 0;
  require += info_size[argc];
  (void)argv;
  return require;
}


Determining if the function _strtoi64 exists failed with the following output:
Change Dir: /root/git/ckpool-lhr/build/CMakeFiles/CMakeTmp

Run Build Command(s):/usr/bin/gmake -f Makefile cmTC_3c105/fast && /usr/bin/gmake  -f CMakeFiles/cmTC_3c105.dir/build.make CMakeFiles/cmTC_3c105.dir/build
gmake[1]: Entering directory '/root/git/ckpool-lhr/build/CMakeFiles/CMakeTmp'
Building C object CMakeFiles/cmTC_3c105.dir/CheckFunctionExists.c.o
/usr/bin/cc   -Wno-format-truncation -DCHECK_FUNCTION_EXISTS=_strtoi64 -o CMakeFiles/cmTC_3c105.dir/CheckFunctionExists.c.o -c /usr/share/cmake-3.22/Modules/CheckFunctionExists.c
Linking C executable cmTC_3c105
/usr/bin/cmake -E cmake_link_script CMakeFiles/cmTC_3c105.dir/link.txt --verbose=1
/usr/bin/cc  -Wno-format-truncation -DCHECK_FUNCTION_EXISTS=_strtoi64 -rdynamic CMakeFiles/cmTC_3c105.dir/CheckFunctionExists.c.o -o cmTC_3c105 
/usr/bin/ld: CMakeFiles/cmTC_3c105.dir/CheckFunctionExists.c.o: in function `main':
CheckFunctionExists.c:(.text+0x14): undefined reference to `_strtoi64'
collect2: error: ld returned 1 exit status
gmake[1]: *** [CMakeFiles/cmTC_3c105.dir/build.make:99: cmTC_3c105] Error 1
gmake[1]: Leaving directory '/root/git/ckpool-lhr/build/CMakeFiles/CMakeTmp'
gmake: *** [Makefile:127: cmTC_3c105/fast] Error 2



